Flow report for Q8_synthesis
Sat Jun 29 08:26:18 2024
Quartus II 64-Bit Version 13.1.0 Build 162 10/23/2013 SJ Web Edition


---------------------
; Table of Contents ;
---------------------
  1. Legal Notice
  2. Flow Summary
  3. Flow Settings
  4. Flow Non-Default Global Settings
  5. Flow Elapsed Time
  6. Flow OS Summary
  7. Flow Log
  8. Flow Messages
  9. Flow Suppressed Messages



----------------
; Legal Notice ;
----------------
Copyright (C) 1991-2013 Altera Corporation
Your use of Altera Corporation's design tools, logic functions 
and other software and tools, and its AMPP partner logic 
functions, and any output files from any of the foregoing 
(including device programming or simulation files), and any 
associated documentation or information are expressly subject 
to the terms and conditions of the Altera Program License 
Subscription Agreement, Altera MegaCore Function License 
Agreement, or other applicable license agreement, including, 
without limitation, that your use is for the sole purpose of 
programming logic devices manufactured by Altera and sold by 
Altera or its authorized distributors.  Please refer to the 
applicable agreement for further details.



+------------------------------------------------------------------------+
; Flow Summary                                                           ;
+---------------------------+--------------------------------------------+
; Flow Status               ; Successful - Sat Jun 29 08:26:18 2024      ;
; Quartus II 64-Bit Version ; 13.1.0 Build 162 10/23/2013 SJ Web Edition ;
; Revision Name             ; Q8_synthesis                               ;
; Top-level Entity Name     ; ParkingController                          ;
; Family                    ; MAX II                                     ;
; Total logic elements      ; 1,115 / 1,270 ( 88 % )                     ;
; Total pins                ; 47 / 116 ( 41 % )                          ;
; Total virtual pins        ; 0                                          ;
; UFM blocks                ; 0 / 1 ( 0 % )                              ;
; Device                    ; EPM1270T144C3                              ;
; Timing Models             ; Final                                      ;
+---------------------------+--------------------------------------------+


+-----------------------------------------+
; Flow Settings                           ;
+-------------------+---------------------+
; Option            ; Setting             ;
+-------------------+---------------------+
; Start date & time ; 06/29/2024 08:26:07 ;
; Main task         ; Compilation         ;
; Revision Name     ; Q8_synthesis        ;
+-------------------+---------------------+


+--------------------------------------------------------------------------------------------------------------------------+
; Flow Non-Default Global Settings                                                                                         ;
+-------------------------------------+-------------------------------+---------------+-------------------+----------------+
; Assignment Name                     ; Value                         ; Default Value ; Entity Name       ; Section Id     ;
+-------------------------------------+-------------------------------+---------------+-------------------+----------------+
; COMPILER_SIGNATURE_ID               ; 9619525660591.171963696627644 ; --            ; --                ; --             ;
; EDA_OUTPUT_DATA_FORMAT              ; Vhdl                          ; --            ; --                ; eda_simulation ;
; EDA_SIMULATION_TOOL                 ; ModelSim-Altera (VHDL)        ; <None>        ; --                ; --             ;
; PARTITION_COLOR                     ; 16764057                      ; --            ; ParkingController ; Top            ;
; PARTITION_FITTER_PRESERVATION_LEVEL ; PLACEMENT_AND_ROUTING         ; --            ; ParkingController ; Top            ;
; PARTITION_NETLIST_TYPE              ; SOURCE                        ; --            ; ParkingController ; Top            ;
; PROJECT_OUTPUT_DIRECTORY            ; output_files                  ; --            ; --                ; --             ;
; TOP_LEVEL_ENTITY                    ; ParkingController             ; Q8_synthesis  ; --                ; --             ;
+-------------------------------------+-------------------------------+---------------+-------------------+----------------+


+-------------------------------------------------------------------------------------------------------------------------------+
; Flow Elapsed Time                                                                                                             ;
+---------------------------+--------------+-------------------------+---------------------+------------------------------------+
; Module Name               ; Elapsed Time ; Average Processors Used ; Peak Virtual Memory ; Total CPU Time (on all processors) ;
+---------------------------+--------------+-------------------------+---------------------+------------------------------------+
; Analysis & Synthesis      ; 00:00:02     ; 1.0                     ; 4616 MB             ; 00:00:01                           ;
; Fitter                    ; 00:00:05     ; 1.0                     ; 4840 MB             ; 00:00:01                           ;
; Assembler                 ; 00:00:00     ; 1.0                     ; 4547 MB             ; 00:00:00                           ;
; TimeQuest Timing Analyzer ; 00:00:01     ; 1.0                     ; 4583 MB             ; 00:00:00                           ;
; EDA Netlist Writer        ; 00:00:00     ; 1.0                     ; 4522 MB             ; 00:00:00                           ;
; Total                     ; 00:00:08     ; --                      ; --                  ; 00:00:02                           ;
+---------------------------+--------------+-------------------------+---------------------+------------------------------------+


+----------------------------------------------------------------------------------------+
; Flow OS Summary                                                                        ;
+---------------------------+------------------+-----------+------------+----------------+
; Module Name               ; Machine Hostname ; OS Name   ; OS Version ; Processor type ;
+---------------------------+------------------+-----------+------------+----------------+
; Analysis & Synthesis      ; Bardia           ; Windows 7 ; 6.2        ; x86_64         ;
; Fitter                    ; Bardia           ; Windows 7 ; 6.2        ; x86_64         ;
; Assembler                 ; Bardia           ; Windows 7 ; 6.2        ; x86_64         ;
; TimeQuest Timing Analyzer ; Bardia           ; Windows 7 ; 6.2        ; x86_64         ;
; EDA Netlist Writer        ; Bardia           ; Windows 7 ; 6.2        ; x86_64         ;
+---------------------------+------------------+-----------+------------+----------------+


------------
; Flow Log ;
------------
quartus_map --read_settings_files=on --write_settings_files=off Q8_synthesis -c Q8_synthesis
quartus_fit --read_settings_files=off --write_settings_files=off Q8_synthesis -c Q8_synthesis
quartus_asm --read_settings_files=off --write_settings_files=off Q8_synthesis -c Q8_synthesis
quartus_sta Q8_synthesis -c Q8_synthesis
quartus_eda --read_settings_files=off --write_settings_files=off Q8_synthesis -c Q8_synthesis



